<?xml version="1.0" encoding="UTF-8"?>
<!-- Generated by org.testng.reporters.JUnitXMLReporter -->
<testsuite ignored="0" hostname="MT-991R2X2" failures="1" tests="4" name="Surefire test" time="38.035" errors="0" timestamp="21 Nov 2021 15:19:20 GMT">
  <testcase classname="project.TestNGTest" name="@AfterMethod tearDown" time="0.0">
    <failure type="java.lang.NullPointerException" message="Cannot invoke &amp;quot;org.openqa.selenium.WebDriver.quit()&amp;quot; because &amp;quot;this.driver&amp;quot; is null">
      <![CDATA[java.lang.NullPointerException: Cannot invoke "org.openqa.selenium.WebDriver.quit()" because "this.driver" is null
	at project.TestNGTest.tearDown(TestNGTest.java:161)
... Removed 32 stack frames]]>
    </failure>
  </testcase> <!-- @AfterMethod tearDown -->
  <testcase classname="project.TestNGTest" name="@BeforeMethod setUp" time="0.0">
    <skipped/>
  </testcase> <!-- @BeforeMethod setUp -->
  <testcase classname="project.TestNGTest" name="@AfterMethod tearDown" time="0.0">
    <skipped/>
  </testcase> <!-- @AfterMethod tearDown -->
  <testcase classname="project.TestNGTest" name="@BeforeMethod setUp" time="0.0">
    <skipped/>
  </testcase> <!-- @BeforeMethod setUp -->
  <testcase classname="project.TestNGTest" name="@AfterMethod tearDown" time="0.0">
    <skipped/>
  </testcase> <!-- @AfterMethod tearDown -->
  <testcase classname="project.TestNGTest" name="@BeforeMethod setUp" time="0.0">
    <skipped/>
  </testcase> <!-- @BeforeMethod setUp -->
  <testcase classname="project.TestNGTest" name="@AfterMethod tearDown" time="0.0">
    <skipped/>
  </testcase> <!-- @AfterMethod tearDown -->
  <testcase classname="project.TestNGTest" name="verifyPageTitleTest" time="0.001">
    <failure type="java.lang.NullPointerException" message="Cannot invoke &amp;quot;org.openqa.selenium.WebDriver.getTitle()&amp;quot; because &amp;quot;this.driver&amp;quot; is null">
      <![CDATA[java.lang.NullPointerException: Cannot invoke "org.openqa.selenium.WebDriver.getTitle()" because "this.driver" is null
	at project.TestNGTest.verifyPageTitleTest(TestNGTest.java:37)
... Removed 30 stack frames]]>
    </failure>
  </testcase> <!-- verifyPageTitleTest -->
  <testcase classname="project.TestNGTest" name="BookTableScriptTest" time="0.0">
    <skipped/>
  </testcase> <!-- BookTableScriptTest -->
  <testcase classname="project.TestNGTest" name="FoodTrendsScriptTest" time="0.0">
    <skipped/>
  </testcase> <!-- FoodTrendsScriptTest -->
  <testcase classname="project.TestNGTest" name="PopularTakewaysScriptTest" time="0.0">
    <skipped/>
  </testcase> <!-- PopularTakewaysScriptTest -->
</testsuite> <!-- Surefire test -->
